2022-05-22_16-34-44 [main] INFO  o.s.b.t.c.SpringBootTestContextBootstrapper - Neither @ContextConfiguration nor @ContextHierarchy found for test class [com.pension.disbursement.controller.PensionDisbursementControllerMethodTest], using SpringBootContextLoader
2022-05-22_16-34-44 [main] INFO  o.s.t.c.s.AbstractContextLoader - Could not detect default resource locations for test class [com.pension.disbursement.controller.PensionDisbursementControllerMethodTest]: no resource found for suffixes {-context.xml, Context.groovy}.
2022-05-22_16-34-44 [main] INFO  o.s.t.c.s.AnnotationConfigContextLoaderUtils - Could not detect default configuration classes for test class [com.pension.disbursement.controller.PensionDisbursementControllerMethodTest]: PensionDisbursementControllerMethodTest does not declare any static, non-private, non-final, nested classes annotated with @Configuration.
2022-05-22_16-34-44 [main] INFO  o.s.b.t.c.SpringBootTestContextBootstrapper - Found @SpringBootConfiguration com.pension.disbursement.PensionDisbursementMicroserviceApplication for test class com.pension.disbursement.controller.PensionDisbursementControllerMethodTest
2022-05-22_16-34-44 [main] INFO  o.s.b.t.c.SpringBootTestContextBootstrapper - Loaded default TestExecutionListener class names from location [META-INF/spring.factories]: [org.springframework.boot.test.mock.mockito.MockitoTestExecutionListener, org.springframework.boot.test.mock.mockito.ResetMocksTestExecutionListener, org.springframework.boot.test.autoconfigure.restdocs.RestDocsTestExecutionListener, org.springframework.boot.test.autoconfigure.web.client.MockRestServiceServerResetTestExecutionListener, org.springframework.boot.test.autoconfigure.web.servlet.MockMvcPrintOnlyOnFailureTestExecutionListener, org.springframework.boot.test.autoconfigure.web.servlet.WebDriverTestExecutionListener, org.springframework.boot.test.autoconfigure.webservices.client.MockWebServiceServerTestExecutionListener, org.springframework.test.context.web.ServletTestExecutionListener, org.springframework.test.context.support.DirtiesContextBeforeModesTestExecutionListener, org.springframework.test.context.event.ApplicationEventsTestExecutionListener, org.springframework.test.context.support.DependencyInjectionTestExecutionListener, org.springframework.test.context.support.DirtiesContextTestExecutionListener, org.springframework.test.context.transaction.TransactionalTestExecutionListener, org.springframework.test.context.jdbc.SqlScriptsTestExecutionListener, org.springframework.test.context.event.EventPublishingTestExecutionListener]
2022-05-22_16-34-44 [main] INFO  o.s.b.t.c.SpringBootTestContextBootstrapper - Using TestExecutionListeners: [org.springframework.test.context.web.ServletTestExecutionListener@5398edd0, org.springframework.test.context.support.DirtiesContextBeforeModesTestExecutionListener@b5cc23a, org.springframework.test.context.event.ApplicationEventsTestExecutionListener@5cc5b667, org.springframework.boot.test.mock.mockito.MockitoTestExecutionListener@61edc883, org.springframework.boot.test.autoconfigure.SpringBootDependencyInjectionTestExecutionListener@758f4f03, org.springframework.test.context.support.DirtiesContextTestExecutionListener@182f1e9a, org.springframework.test.context.event.EventPublishingTestExecutionListener@6928f576, org.springframework.boot.test.mock.mockito.ResetMocksTestExecutionListener@660e9100, org.springframework.boot.test.autoconfigure.restdocs.RestDocsTestExecutionListener@69f63d95, org.springframework.boot.test.autoconfigure.web.client.MockRestServiceServerResetTestExecutionListener@9cd25ff, org.springframework.boot.test.autoconfigure.web.servlet.MockMvcPrintOnlyOnFailureTestExecutionListener@27e0f2f5, org.springframework.boot.test.autoconfigure.web.servlet.WebDriverTestExecutionListener@3574e198, org.springframework.boot.test.autoconfigure.webservices.client.MockWebServiceServerTestExecutionListener@6db66836]
2022-05-22_16-34-56 [main] INFO  c.p.d.c.PensionDisbursementControllerMethodTest - Starting PensionDisbursementControllerMethodTest using Java 11.0.14.1 on DESKTOP-DAC986Q with PID 12612 (started by Elcot in E:\qa3\PMS-JAVA\PensionDisbursement-Microservice)
2022-05-22_16-34-56 [main] INFO  c.p.d.c.PensionDisbursementControllerMethodTest - No active profile set, falling back to default profiles: default
2022-05-22_16-34-56 [background-preinit] INFO  o.h.validator.internal.util.Version - HV000001: Hibernate Validator 6.1.7.Final
2022-05-22_16-34-56 [main] INFO  o.s.cloud.context.scope.GenericScope - BeanFactory id=a72c7d12-38f3-3f9a-80c7-3a4be5b1cd60
2022-05-22_16-34-56 [main] INFO  o.s.b.a.e.web.EndpointLinksResolver - Exposing 2 endpoint(s) beneath base path '/actuator'
2022-05-22_16-34-56 [main] INFO  s.d.s.w.PropertySourcedRequestMappingHandlerMapping - Mapped URL path [/v2/api-docs] onto method [springfox.documentation.swagger2.web.Swagger2Controller#getDocumentation(String, HttpServletRequest)]
2022-05-22_16-34-56 [main] INFO  o.s.s.c.ThreadPoolTaskExecutor - Initializing ExecutorService 'applicationTaskExecutor'
2022-05-22_16-34-56 [main] INFO  o.s.cloud.commons.util.InetUtils - Cannot determine local hostname
2022-05-22_16-34-56 [main] INFO  s.d.s.w.p.DocumentationPluginsBootstrapper - Context refreshed
2022-05-22_16-34-56 [main] INFO  s.d.s.w.p.DocumentationPluginsBootstrapper - Found 1 custom documentation plugin(s)
2022-05-22_16-34-56 [main] INFO  s.d.s.w.s.ApiListingReferenceScanner - Scanning for api listing references
2022-05-22_16-34-56 [main] INFO  s.d.s.w.r.o.CachingOperationNameGenerator - Generating unique operation named: handleUsingGET_1
2022-05-22_16-34-56 [main] INFO  s.d.s.w.r.o.CachingOperationNameGenerator - Generating unique operation named: handleUsingGET_2
2022-05-22_16-34-56 [main] INFO  c.p.d.c.PensionDisbursementControllerMethodTest - Started PensionDisbursementControllerMethodTest in 75.486 seconds (JVM running for 90.774)
2022-05-22_16-34-56 [main] INFO  o.s.b.t.c.SpringBootTestContextBootstrapper - Neither @ContextConfiguration nor @ContextHierarchy found for test class [com.pension.disbursement.controller.PensionDisbursementControllerTest], using SpringBootContextLoader
2022-05-22_16-34-56 [main] INFO  o.s.t.c.s.AbstractContextLoader - Could not detect default resource locations for test class [com.pension.disbursement.controller.PensionDisbursementControllerTest]: no resource found for suffixes {-context.xml, Context.groovy}.
2022-05-22_16-34-56 [main] INFO  o.s.t.c.s.AnnotationConfigContextLoaderUtils - Could not detect default configuration classes for test class [com.pension.disbursement.controller.PensionDisbursementControllerTest]: PensionDisbursementControllerTest does not declare any static, non-private, non-final, nested classes annotated with @Configuration.
2022-05-22_16-34-56 [main] INFO  o.s.b.t.c.SpringBootTestContextBootstrapper - Found @SpringBootConfiguration com.pension.disbursement.PensionDisbursementMicroserviceApplication for test class com.pension.disbursement.controller.PensionDisbursementControllerTest
2022-05-22_16-34-56 [main] INFO  o.s.b.t.c.SpringBootTestContextBootstrapper - Loaded default TestExecutionListener class names from location [META-INF/spring.factories]: [org.springframework.boot.test.mock.mockito.MockitoTestExecutionListener, org.springframework.boot.test.mock.mockito.ResetMocksTestExecutionListener, org.springframework.boot.test.autoconfigure.restdocs.RestDocsTestExecutionListener, org.springframework.boot.test.autoconfigure.web.client.MockRestServiceServerResetTestExecutionListener, org.springframework.boot.test.autoconfigure.web.servlet.MockMvcPrintOnlyOnFailureTestExecutionListener, org.springframework.boot.test.autoconfigure.web.servlet.WebDriverTestExecutionListener, org.springframework.boot.test.autoconfigure.webservices.client.MockWebServiceServerTestExecutionListener, org.springframework.test.context.web.ServletTestExecutionListener, org.springframework.test.context.support.DirtiesContextBeforeModesTestExecutionListener, org.springframework.test.context.event.ApplicationEventsTestExecutionListener, org.springframework.test.context.support.DependencyInjectionTestExecutionListener, org.springframework.test.context.support.DirtiesContextTestExecutionListener, org.springframework.test.context.transaction.TransactionalTestExecutionListener, org.springframework.test.context.jdbc.SqlScriptsTestExecutionListener, org.springframework.test.context.event.EventPublishingTestExecutionListener]
2022-05-22_16-34-56 [main] INFO  o.s.b.t.c.SpringBootTestContextBootstrapper - Using TestExecutionListeners: [org.springframework.test.context.web.ServletTestExecutionListener@7eb774c3, org.springframework.test.context.support.DirtiesContextBeforeModesTestExecutionListener@72015156, org.springframework.test.context.event.ApplicationEventsTestExecutionListener@3a42145, org.springframework.boot.test.mock.mockito.MockitoTestExecutionListener@bb38c49, org.springframework.boot.test.autoconfigure.SpringBootDependencyInjectionTestExecutionListener@4e67e090, org.springframework.test.context.support.DirtiesContextTestExecutionListener@361483eb, org.springframework.test.context.event.EventPublishingTestExecutionListener@14983265, org.springframework.boot.test.mock.mockito.ResetMocksTestExecutionListener@35e357b, org.springframework.boot.test.autoconfigure.restdocs.RestDocsTestExecutionListener@724c26e0, org.springframework.boot.test.autoconfigure.web.client.MockRestServiceServerResetTestExecutionListener@6055e899, org.springframework.boot.test.autoconfigure.web.servlet.MockMvcPrintOnlyOnFailureTestExecutionListener@350be5ec, org.springframework.boot.test.autoconfigure.web.servlet.WebDriverTestExecutionListener@478cebdb, org.springframework.boot.test.autoconfigure.webservices.client.MockWebServiceServerTestExecutionListener@5464aeec]
2022-05-22_16-36-14 [main] INFO  c.p.d.c.PensionDisbursementControllerTest - Starting PensionDisbursementControllerTest using Java 11.0.14.1 on DESKTOP-DAC986Q with PID 12612 (started by Elcot in E:\qa3\PMS-JAVA\PensionDisbursement-Microservice)
2022-05-22_16-36-14 [main] INFO  c.p.d.c.PensionDisbursementControllerTest - No active profile set, falling back to default profiles: default
2022-05-22_16-36-14 [main] INFO  o.s.cloud.context.scope.GenericScope - BeanFactory id=dd8ac87e-2b94-3678-be61-611de84ad880
2022-05-22_16-36-14 [main] INFO  o.s.b.a.e.web.EndpointLinksResolver - Exposing 2 endpoint(s) beneath base path '/actuator'
2022-05-22_16-36-14 [main] INFO  s.d.s.w.PropertySourcedRequestMappingHandlerMapping - Mapped URL path [/v2/api-docs] onto method [springfox.documentation.swagger2.web.Swagger2Controller#getDocumentation(String, HttpServletRequest)]
2022-05-22_16-36-14 [main] INFO  o.s.s.c.ThreadPoolTaskExecutor - Initializing ExecutorService 'applicationTaskExecutor'
2022-05-22_16-36-14 [main] INFO  o.s.b.t.m.w.SpringBootMockServletContext - Initializing Spring TestDispatcherServlet ''
2022-05-22_16-36-14 [main] INFO  o.s.t.w.s.TestDispatcherServlet - Initializing Servlet ''
2022-05-22_16-36-14 [main] INFO  o.s.t.w.s.TestDispatcherServlet - Completed initialization in 3 ms
2022-05-22_16-36-14 [main] INFO  o.s.cloud.commons.util.InetUtils - Cannot determine local hostname
2022-05-22_16-36-14 [main] INFO  s.d.s.w.p.DocumentationPluginsBootstrapper - Context refreshed
2022-05-22_16-36-14 [main] INFO  s.d.s.w.p.DocumentationPluginsBootstrapper - Found 1 custom documentation plugin(s)
2022-05-22_16-36-14 [main] INFO  s.d.s.w.s.ApiListingReferenceScanner - Scanning for api listing references
2022-05-22_16-36-14 [main] INFO  s.d.s.w.r.o.CachingOperationNameGenerator - Generating unique operation named: handleUsingGET_1
2022-05-22_16-36-14 [main] INFO  s.d.s.w.r.o.CachingOperationNameGenerator - Generating unique operation named: handleUsingGET_2
2022-05-22_16-36-14 [main] INFO  c.p.d.c.PensionDisbursementControllerTest - Started PensionDisbursementControllerTest in 23.396 seconds (JVM running for 117.556)
2022-05-22_16-36-14 [main] INFO  o.s.b.t.c.SpringBootTestContextBootstrapper - Neither @ContextConfiguration nor @ContextHierarchy found for test class [com.pension.disbursement.exception.PensionDisbursementExceptionTest], using SpringBootContextLoader
2022-05-22_16-36-14 [main] INFO  o.s.t.c.s.AbstractContextLoader - Could not detect default resource locations for test class [com.pension.disbursement.exception.PensionDisbursementExceptionTest]: no resource found for suffixes {-context.xml, Context.groovy}.
2022-05-22_16-36-14 [main] INFO  o.s.t.c.s.AnnotationConfigContextLoaderUtils - Could not detect default configuration classes for test class [com.pension.disbursement.exception.PensionDisbursementExceptionTest]: PensionDisbursementExceptionTest does not declare any static, non-private, non-final, nested classes annotated with @Configuration.
2022-05-22_16-36-14 [main] INFO  o.s.b.t.c.SpringBootTestContextBootstrapper - Found @SpringBootConfiguration com.pension.disbursement.PensionDisbursementMicroserviceApplication for test class com.pension.disbursement.exception.PensionDisbursementExceptionTest
2022-05-22_16-36-14 [main] INFO  o.s.b.t.c.SpringBootTestContextBootstrapper - Loaded default TestExecutionListener class names from location [META-INF/spring.factories]: [org.springframework.boot.test.mock.mockito.MockitoTestExecutionListener, org.springframework.boot.test.mock.mockito.ResetMocksTestExecutionListener, org.springframework.boot.test.autoconfigure.restdocs.RestDocsTestExecutionListener, org.springframework.boot.test.autoconfigure.web.client.MockRestServiceServerResetTestExecutionListener, org.springframework.boot.test.autoconfigure.web.servlet.MockMvcPrintOnlyOnFailureTestExecutionListener, org.springframework.boot.test.autoconfigure.web.servlet.WebDriverTestExecutionListener, org.springframework.boot.test.autoconfigure.webservices.client.MockWebServiceServerTestExecutionListener, org.springframework.test.context.web.ServletTestExecutionListener, org.springframework.test.context.support.DirtiesContextBeforeModesTestExecutionListener, org.springframework.test.context.event.ApplicationEventsTestExecutionListener, org.springframework.test.context.support.DependencyInjectionTestExecutionListener, org.springframework.test.context.support.DirtiesContextTestExecutionListener, org.springframework.test.context.transaction.TransactionalTestExecutionListener, org.springframework.test.context.jdbc.SqlScriptsTestExecutionListener, org.springframework.test.context.event.EventPublishingTestExecutionListener]
2022-05-22_16-36-14 [main] INFO  o.s.b.t.c.SpringBootTestContextBootstrapper - Using TestExecutionListeners: [org.springframework.test.context.web.ServletTestExecutionListener@31d791c0, org.springframework.test.context.support.DirtiesContextBeforeModesTestExecutionListener@623c9988, org.springframework.test.context.event.ApplicationEventsTestExecutionListener@66ab3716, org.springframework.boot.test.mock.mockito.MockitoTestExecutionListener@103a1ad3, org.springframework.boot.test.autoconfigure.SpringBootDependencyInjectionTestExecutionListener@1d6ed085, org.springframework.test.context.support.DirtiesContextTestExecutionListener@1b18fa79, org.springframework.test.context.event.EventPublishingTestExecutionListener@24347d8b, org.springframework.boot.test.mock.mockito.ResetMocksTestExecutionListener@6418075c, org.springframework.boot.test.autoconfigure.restdocs.RestDocsTestExecutionListener@f9919a2, org.springframework.boot.test.autoconfigure.web.client.MockRestServiceServerResetTestExecutionListener@530ee11a, org.springframework.boot.test.autoconfigure.web.servlet.MockMvcPrintOnlyOnFailureTestExecutionListener@54d116d5, org.springframework.boot.test.autoconfigure.web.servlet.WebDriverTestExecutionListener@7057d9f4, org.springframework.boot.test.autoconfigure.webservices.client.MockWebServiceServerTestExecutionListener@37c49a55]
2022-05-22_16-36-39 [main] INFO  c.p.d.e.PensionDisbursementExceptionTest - Starting PensionDisbursementExceptionTest using Java 11.0.14.1 on DESKTOP-DAC986Q with PID 12612 (started by Elcot in E:\qa3\PMS-JAVA\PensionDisbursement-Microservice)
2022-05-22_16-36-39 [main] INFO  c.p.d.e.PensionDisbursementExceptionTest - No active profile set, falling back to default profiles: default
2022-05-22_16-36-39 [main] INFO  o.s.cloud.context.scope.GenericScope - BeanFactory id=a72c7d12-38f3-3f9a-80c7-3a4be5b1cd60
2022-05-22_16-36-39 [main] INFO  o.s.c.s.PostProcessorRegistrationDelegate$BeanPostProcessorChecker - Bean 'com.pension.disbursement.feignclient.AuthorisingClient' of type [org.springframework.cloud.openfeign.FeignClientFactoryBean] is not eligible for getting processed by all BeanPostProcessors (for example: not eligible for auto-proxying)
2022-05-22_16-36-39 [main] INFO  o.s.c.s.PostProcessorRegistrationDelegate$BeanPostProcessorChecker - Bean 'com.pension.disbursement.feignclient.PensionDisbursementFeignClient' of type [org.springframework.cloud.openfeign.FeignClientFactoryBean] is not eligible for getting processed by all BeanPostProcessors (for example: not eligible for auto-proxying)
2022-05-22_16-36-39 [main] INFO  o.s.b.a.e.web.EndpointLinksResolver - Exposing 2 endpoint(s) beneath base path '/actuator'
2022-05-22_16-36-39 [main] INFO  s.d.s.w.PropertySourcedRequestMappingHandlerMapping - Mapped URL path [/v2/api-docs] onto method [springfox.documentation.swagger2.web.Swagger2Controller#getDocumentation(String, HttpServletRequest)]
2022-05-22_16-36-39 [main] INFO  o.s.s.c.ThreadPoolTaskExecutor - Initializing ExecutorService 'applicationTaskExecutor'
2022-05-22_16-36-39 [main] INFO  o.s.cloud.commons.util.InetUtils - Cannot determine local hostname
2022-05-22_16-36-39 [main] INFO  s.d.s.w.p.DocumentationPluginsBootstrapper - Context refreshed
2022-05-22_16-36-39 [main] INFO  s.d.s.w.p.DocumentationPluginsBootstrapper - Found 1 custom documentation plugin(s)
2022-05-22_16-36-39 [main] INFO  s.d.s.w.s.ApiListingReferenceScanner - Scanning for api listing references
2022-05-22_16-36-39 [main] INFO  s.d.s.w.r.o.CachingOperationNameGenerator - Generating unique operation named: handleUsingGET_1
2022-05-22_16-36-39 [main] INFO  s.d.s.w.r.o.CachingOperationNameGenerator - Generating unique operation named: handleUsingGET_2
2022-05-22_16-36-39 [main] INFO  c.p.d.e.PensionDisbursementExceptionTest - Started PensionDisbursementExceptionTest in 21.179 seconds (JVM running for 141.291)
2022-05-22_16-36-39 [main] INFO  o.s.b.t.c.SpringBootTestContextBootstrapper - Neither @ContextConfiguration nor @ContextHierarchy found for test class [com.pension.disbursement.PensionDisbursementMicroserviceApplicationTests], using SpringBootContextLoader
2022-05-22_16-36-39 [main] INFO  o.s.t.c.s.AbstractContextLoader - Could not detect default resource locations for test class [com.pension.disbursement.PensionDisbursementMicroserviceApplicationTests]: no resource found for suffixes {-context.xml, Context.groovy}.
2022-05-22_16-36-39 [main] INFO  o.s.t.c.s.AnnotationConfigContextLoaderUtils - Could not detect default configuration classes for test class [com.pension.disbursement.PensionDisbursementMicroserviceApplicationTests]: PensionDisbursementMicroserviceApplicationTests does not declare any static, non-private, non-final, nested classes annotated with @Configuration.
2022-05-22_16-36-39 [main] INFO  o.s.b.t.c.SpringBootTestContextBootstrapper - Found @SpringBootConfiguration com.pension.disbursement.PensionDisbursementMicroserviceApplication for test class com.pension.disbursement.PensionDisbursementMicroserviceApplicationTests
2022-05-22_16-36-39 [main] INFO  o.s.b.t.c.SpringBootTestContextBootstrapper - Loaded default TestExecutionListener class names from location [META-INF/spring.factories]: [org.springframework.boot.test.mock.mockito.MockitoTestExecutionListener, org.springframework.boot.test.mock.mockito.ResetMocksTestExecutionListener, org.springframework.boot.test.autoconfigure.restdocs.RestDocsTestExecutionListener, org.springframework.boot.test.autoconfigure.web.client.MockRestServiceServerResetTestExecutionListener, org.springframework.boot.test.autoconfigure.web.servlet.MockMvcPrintOnlyOnFailureTestExecutionListener, org.springframework.boot.test.autoconfigure.web.servlet.WebDriverTestExecutionListener, org.springframework.boot.test.autoconfigure.webservices.client.MockWebServiceServerTestExecutionListener, org.springframework.test.context.web.ServletTestExecutionListener, org.springframework.test.context.support.DirtiesContextBeforeModesTestExecutionListener, org.springframework.test.context.event.ApplicationEventsTestExecutionListener, org.springframework.test.context.support.DependencyInjectionTestExecutionListener, org.springframework.test.context.support.DirtiesContextTestExecutionListener, org.springframework.test.context.transaction.TransactionalTestExecutionListener, org.springframework.test.context.jdbc.SqlScriptsTestExecutionListener, org.springframework.test.context.event.EventPublishingTestExecutionListener]
2022-05-22_16-36-39 [main] INFO  o.s.b.t.c.SpringBootTestContextBootstrapper - Using TestExecutionListeners: [org.springframework.test.context.web.ServletTestExecutionListener@75bbeb89, org.springframework.test.context.support.DirtiesContextBeforeModesTestExecutionListener@197bf5ef, org.springframework.test.context.event.ApplicationEventsTestExecutionListener@681ba763, org.springframework.boot.test.mock.mockito.MockitoTestExecutionListener@19cc697c, org.springframework.boot.test.autoconfigure.SpringBootDependencyInjectionTestExecutionListener@33012e6f, org.springframework.test.context.support.DirtiesContextTestExecutionListener@7593716d, org.springframework.test.context.event.EventPublishingTestExecutionListener@4086e003, org.springframework.boot.test.mock.mockito.ResetMocksTestExecutionListener@3a7be6e6, org.springframework.boot.test.autoconfigure.restdocs.RestDocsTestExecutionListener@33c590, org.springframework.boot.test.autoconfigure.web.client.MockRestServiceServerResetTestExecutionListener@6ec5c4e2, org.springframework.boot.test.autoconfigure.web.servlet.MockMvcPrintOnlyOnFailureTestExecutionListener@1934a7c1, org.springframework.boot.test.autoconfigure.web.servlet.WebDriverTestExecutionListener@7c9d2ed7, org.springframework.boot.test.autoconfigure.webservices.client.MockWebServiceServerTestExecutionListener@621c7b91]
2022-05-22_16-37-05 [main] INFO  c.p.d.PensionDisbursementMicroserviceApplication - Starting PensionDisbursementMicroserviceApplication using Java 11.0.14.1 on DESKTOP-DAC986Q with PID 12612 (started by Elcot in E:\qa3\PMS-JAVA\PensionDisbursement-Microservice)
2022-05-22_16-37-05 [main] INFO  c.p.d.PensionDisbursementMicroserviceApplication - No active profile set, falling back to default profiles: default
2022-05-22_16-37-05 [main] INFO  o.s.cloud.context.scope.GenericScope - BeanFactory id=f1145e5b-1a60-3dd7-b46d-0f8352032dda
2022-05-22_16-37-05 [main] INFO  o.s.c.s.PostProcessorRegistrationDelegate$BeanPostProcessorChecker - Bean 'com.pension.disbursement.feignclient.AuthorisingClient' of type [org.springframework.cloud.openfeign.FeignClientFactoryBean] is not eligible for getting processed by all BeanPostProcessors (for example: not eligible for auto-proxying)
2022-05-22_16-37-05 [main] INFO  o.s.c.s.PostProcessorRegistrationDelegate$BeanPostProcessorChecker - Bean 'com.pension.disbursement.feignclient.PensionDisbursementFeignClient' of type [org.springframework.cloud.openfeign.FeignClientFactoryBean] is not eligible for getting processed by all BeanPostProcessors (for example: not eligible for auto-proxying)
2022-05-22_16-37-05 [main] INFO  o.s.b.w.e.tomcat.TomcatWebServer - Tomcat initialized with port(s): 7000 (http)
2022-05-22_16-37-05 [main] INFO  o.a.coyote.http11.Http11NioProtocol - Initializing ProtocolHandler ["http-nio-7000"]
2022-05-22_16-37-05 [main] INFO  o.a.catalina.core.StandardService - Starting service [Tomcat]
2022-05-22_16-37-05 [main] INFO  o.a.catalina.core.StandardEngine - Starting Servlet engine: [Apache Tomcat/9.0.41]
2022-05-22_16-37-05 [main] INFO  o.a.c.c.C.[.[.[/disbursement] - Initializing Spring embedded WebApplicationContext
2022-05-22_16-37-05 [main] INFO  o.s.b.w.s.c.ServletWebServerApplicationContext - Root WebApplicationContext: initialization completed in 54359 ms
2022-05-22_16-37-05 [main] INFO  o.s.b.a.e.web.EndpointLinksResolver - Exposing 2 endpoint(s) beneath base path '/actuator'
2022-05-22_16-37-05 [main] INFO  s.d.s.w.PropertySourcedRequestMappingHandlerMapping - Mapped URL path [/v2/api-docs] onto method [springfox.documentation.swagger2.web.Swagger2Controller#getDocumentation(String, HttpServletRequest)]
2022-05-22_16-37-05 [main] INFO  o.s.s.c.ThreadPoolTaskExecutor - Initializing ExecutorService 'applicationTaskExecutor'
2022-05-22_16-37-05 [main] INFO  o.s.cloud.commons.util.InetUtils - Cannot determine local hostname
2022-05-22_16-37-05 [main] INFO  o.a.coyote.http11.Http11NioProtocol - Starting ProtocolHandler ["http-nio-7000"]
2022-05-22_16-37-05 [main] INFO  o.s.b.w.e.tomcat.TomcatWebServer - Tomcat started on port(s): 7000 (http) with context path '/disbursement'
2022-05-22_16-37-05 [main] INFO  o.s.cloud.commons.util.InetUtils - Cannot determine local hostname
2022-05-22_16-37-05 [main] INFO  s.d.s.w.p.DocumentationPluginsBootstrapper - Context refreshed
2022-05-22_16-37-05 [main] INFO  s.d.s.w.p.DocumentationPluginsBootstrapper - Found 1 custom documentation plugin(s)
2022-05-22_16-37-05 [main] INFO  s.d.s.w.s.ApiListingReferenceScanner - Scanning for api listing references
2022-05-22_16-37-05 [main] INFO  s.d.s.w.r.o.CachingOperationNameGenerator - Generating unique operation named: handleUsingGET_1
2022-05-22_16-37-05 [main] INFO  s.d.s.w.r.o.CachingOperationNameGenerator - Generating unique operation named: handleUsingGET_2
2022-05-22_16-37-05 [main] INFO  c.p.d.PensionDisbursementMicroserviceApplication - Started PensionDisbursementMicroserviceApplication in 68.139 seconds (JVM running for 213.333)
2022-05-22_16-37-05 [main] INFO  o.s.b.t.c.SpringBootTestContextBootstrapper - Neither @ContextConfiguration nor @ContextHierarchy found for test class [com.pension.disbursement.service.PensionDisbursementServiceTest], using SpringBootContextLoader
2022-05-22_16-37-05 [main] INFO  o.s.t.c.s.AbstractContextLoader - Could not detect default resource locations for test class [com.pension.disbursement.service.PensionDisbursementServiceTest]: no resource found for suffixes {-context.xml, Context.groovy}.
2022-05-22_16-37-05 [main] INFO  o.s.t.c.s.AnnotationConfigContextLoaderUtils - Could not detect default configuration classes for test class [com.pension.disbursement.service.PensionDisbursementServiceTest]: PensionDisbursementServiceTest does not declare any static, non-private, non-final, nested classes annotated with @Configuration.
2022-05-22_16-37-05 [main] INFO  o.s.b.t.c.SpringBootTestContextBootstrapper - Found @SpringBootConfiguration com.pension.disbursement.PensionDisbursementMicroserviceApplication for test class com.pension.disbursement.service.PensionDisbursementServiceTest
2022-05-22_16-37-05 [main] INFO  o.s.b.t.c.SpringBootTestContextBootstrapper - Loaded default TestExecutionListener class names from location [META-INF/spring.factories]: [org.springframework.boot.test.mock.mockito.MockitoTestExecutionListener, org.springframework.boot.test.mock.mockito.ResetMocksTestExecutionListener, org.springframework.boot.test.autoconfigure.restdocs.RestDocsTestExecutionListener, org.springframework.boot.test.autoconfigure.web.client.MockRestServiceServerResetTestExecutionListener, org.springframework.boot.test.autoconfigure.web.servlet.MockMvcPrintOnlyOnFailureTestExecutionListener, org.springframework.boot.test.autoconfigure.web.servlet.WebDriverTestExecutionListener, org.springframework.boot.test.autoconfigure.webservices.client.MockWebServiceServerTestExecutionListener, org.springframework.test.context.web.ServletTestExecutionListener, org.springframework.test.context.support.DirtiesContextBeforeModesTestExecutionListener, org.springframework.test.context.event.ApplicationEventsTestExecutionListener, org.springframework.test.context.support.DependencyInjectionTestExecutionListener, org.springframework.test.context.support.DirtiesContextTestExecutionListener, org.springframework.test.context.transaction.TransactionalTestExecutionListener, org.springframework.test.context.jdbc.SqlScriptsTestExecutionListener, org.springframework.test.context.event.EventPublishingTestExecutionListener]
2022-05-22_16-37-05 [main] INFO  o.s.b.t.c.SpringBootTestContextBootstrapper - Using TestExecutionListeners: [org.springframework.test.context.web.ServletTestExecutionListener@591e3e5e, org.springframework.test.context.support.DirtiesContextBeforeModesTestExecutionListener@a308ffd, org.springframework.test.context.event.ApplicationEventsTestExecutionListener@36e8e3e1, org.springframework.boot.test.mock.mockito.MockitoTestExecutionListener@4c3663fc, org.springframework.boot.test.autoconfigure.SpringBootDependencyInjectionTestExecutionListener@64f248ea, org.springframework.test.context.support.DirtiesContextTestExecutionListener@6ab36cee, org.springframework.test.context.event.EventPublishingTestExecutionListener@1b357db2, org.springframework.boot.test.mock.mockito.ResetMocksTestExecutionListener@64e3d4ab, org.springframework.boot.test.autoconfigure.restdocs.RestDocsTestExecutionListener@12a065c5, org.springframework.boot.test.autoconfigure.web.client.MockRestServiceServerResetTestExecutionListener@6385af63, org.springframework.boot.test.autoconfigure.web.servlet.MockMvcPrintOnlyOnFailureTestExecutionListener@53ed864c, org.springframework.boot.test.autoconfigure.web.servlet.WebDriverTestExecutionListener@29514616, org.springframework.boot.test.autoconfigure.webservices.client.MockWebServiceServerTestExecutionListener@38ce90b4]
2022-05-22_16-37-05 [SpringContextShutdownHook] INFO  o.s.s.c.ThreadPoolTaskExecutor - Shutting down ExecutorService 'applicationTaskExecutor'
2022-05-22_16-37-05 [SpringContextShutdownHook] INFO  o.s.s.c.ThreadPoolTaskExecutor - Shutting down ExecutorService 'applicationTaskExecutor'
2022-05-22_16-37-05 [SpringContextShutdownHook] INFO  o.s.s.c.ThreadPoolTaskExecutor - Shutting down ExecutorService 'applicationTaskExecutor'
2022-05-22_16-37-05 [SpringContextShutdownHook] INFO  o.s.s.c.ThreadPoolTaskExecutor - Shutting down ExecutorService 'applicationTaskExecutor'
