2022-05-19_13-26-50 [main] INFO  o.s.b.t.c.SpringBootTestContextBootstrapper - Neither @ContextConfiguration nor @ContextHierarchy found for test class [com.pension.disbursement.controller.PensionDisbursementControllerMethodTest], using SpringBootContextLoader
2022-05-19_13-26-50 [main] INFO  o.s.t.c.s.AbstractContextLoader - Could not detect default resource locations for test class [com.pension.disbursement.controller.PensionDisbursementControllerMethodTest]: no resource found for suffixes {-context.xml, Context.groovy}.
2022-05-19_13-26-50 [main] INFO  o.s.t.c.s.AnnotationConfigContextLoaderUtils - Could not detect default configuration classes for test class [com.pension.disbursement.controller.PensionDisbursementControllerMethodTest]: PensionDisbursementControllerMethodTest does not declare any static, non-private, non-final, nested classes annotated with @Configuration.
2022-05-19_13-26-50 [main] INFO  o.s.b.t.c.SpringBootTestContextBootstrapper - Found @SpringBootConfiguration com.pension.disbursement.PensionDisbursementMicroserviceApplication for test class com.pension.disbursement.controller.PensionDisbursementControllerMethodTest
2022-05-19_13-26-50 [main] INFO  o.s.b.t.c.SpringBootTestContextBootstrapper - Loaded default TestExecutionListener class names from location [META-INF/spring.factories]: [org.springframework.boot.test.mock.mockito.MockitoTestExecutionListener, org.springframework.boot.test.mock.mockito.ResetMocksTestExecutionListener, org.springframework.boot.test.autoconfigure.restdocs.RestDocsTestExecutionListener, org.springframework.boot.test.autoconfigure.web.client.MockRestServiceServerResetTestExecutionListener, org.springframework.boot.test.autoconfigure.web.servlet.MockMvcPrintOnlyOnFailureTestExecutionListener, org.springframework.boot.test.autoconfigure.web.servlet.WebDriverTestExecutionListener, org.springframework.boot.test.autoconfigure.webservices.client.MockWebServiceServerTestExecutionListener, org.springframework.test.context.web.ServletTestExecutionListener, org.springframework.test.context.support.DirtiesContextBeforeModesTestExecutionListener, org.springframework.test.context.event.ApplicationEventsTestExecutionListener, org.springframework.test.context.support.DependencyInjectionTestExecutionListener, org.springframework.test.context.support.DirtiesContextTestExecutionListener, org.springframework.test.context.transaction.TransactionalTestExecutionListener, org.springframework.test.context.jdbc.SqlScriptsTestExecutionListener, org.springframework.test.context.event.EventPublishingTestExecutionListener]
2022-05-19_13-26-50 [main] INFO  o.s.b.t.c.SpringBootTestContextBootstrapper - Using TestExecutionListeners: [org.springframework.test.context.web.ServletTestExecutionListener@64c2b546, org.springframework.test.context.support.DirtiesContextBeforeModesTestExecutionListener@7e094740, org.springframework.test.context.event.ApplicationEventsTestExecutionListener@7a11c4c7, org.springframework.boot.test.mock.mockito.MockitoTestExecutionListener@4cc547a, org.springframework.boot.test.autoconfigure.SpringBootDependencyInjectionTestExecutionListener@7555b920, org.springframework.test.context.support.DirtiesContextTestExecutionListener@4152d38d, org.springframework.test.context.event.EventPublishingTestExecutionListener@3591009c, org.springframework.boot.test.mock.mockito.ResetMocksTestExecutionListener@5398edd0, org.springframework.boot.test.autoconfigure.restdocs.RestDocsTestExecutionListener@b5cc23a, org.springframework.boot.test.autoconfigure.web.client.MockRestServiceServerResetTestExecutionListener@5cc5b667, org.springframework.boot.test.autoconfigure.web.servlet.MockMvcPrintOnlyOnFailureTestExecutionListener@61edc883, org.springframework.boot.test.autoconfigure.web.servlet.WebDriverTestExecutionListener@758f4f03, org.springframework.boot.test.autoconfigure.webservices.client.MockWebServiceServerTestExecutionListener@182f1e9a]
2022-05-19_13-27-21 [main] INFO  c.p.d.c.PensionDisbursementControllerMethodTest - Starting PensionDisbursementControllerMethodTest using Java 11.0.14.1 on DESKTOP-DAC986Q with PID 11656 (started by Elcot in E:\qa3\PMS-JAVA\PensionDisbursement-Microservice)
2022-05-19_13-27-21 [main] INFO  c.p.d.c.PensionDisbursementControllerMethodTest - No active profile set, falling back to default profiles: default
2022-05-19_13-27-21 [background-preinit] INFO  o.h.validator.internal.util.Version - HV000001: Hibernate Validator 6.1.7.Final
2022-05-19_13-27-21 [main] INFO  o.s.cloud.context.scope.GenericScope - BeanFactory id=a72c7d12-38f3-3f9a-80c7-3a4be5b1cd60
2022-05-19_13-27-21 [main] INFO  o.s.b.a.e.web.EndpointLinksResolver - Exposing 2 endpoint(s) beneath base path '/actuator'
2022-05-19_13-27-21 [main] INFO  s.d.s.w.PropertySourcedRequestMappingHandlerMapping - Mapped URL path [/v2/api-docs] onto method [springfox.documentation.swagger2.web.Swagger2Controller#getDocumentation(String, HttpServletRequest)]
2022-05-19_13-27-21 [main] INFO  o.s.s.c.ThreadPoolTaskExecutor - Initializing ExecutorService 'applicationTaskExecutor'
2022-05-19_13-27-21 [main] INFO  o.s.cloud.commons.util.InetUtils - Cannot determine local hostname
2022-05-19_13-27-21 [main] INFO  s.d.s.w.p.DocumentationPluginsBootstrapper - Context refreshed
2022-05-19_13-27-21 [main] INFO  s.d.s.w.p.DocumentationPluginsBootstrapper - Found 1 custom documentation plugin(s)
2022-05-19_13-27-21 [main] INFO  s.d.s.w.s.ApiListingReferenceScanner - Scanning for api listing references
2022-05-19_13-27-21 [main] INFO  s.d.s.w.r.o.CachingOperationNameGenerator - Generating unique operation named: handleUsingGET_1
2022-05-19_13-27-21 [main] INFO  s.d.s.w.r.o.CachingOperationNameGenerator - Generating unique operation named: handleUsingGET_2
2022-05-19_13-27-21 [main] INFO  c.p.d.c.PensionDisbursementControllerMethodTest - Started PensionDisbursementControllerMethodTest in 163.848 seconds (JVM running for 227.702)
2022-05-19_13-27-21 [main] INFO  o.s.b.t.c.SpringBootTestContextBootstrapper - Neither @ContextConfiguration nor @ContextHierarchy found for test class [com.pension.disbursement.controller.PensionDisbursementControllerTest], using SpringBootContextLoader
2022-05-19_13-27-21 [main] INFO  o.s.t.c.s.AbstractContextLoader - Could not detect default resource locations for test class [com.pension.disbursement.controller.PensionDisbursementControllerTest]: no resource found for suffixes {-context.xml, Context.groovy}.
2022-05-19_13-27-21 [main] INFO  o.s.t.c.s.AnnotationConfigContextLoaderUtils - Could not detect default configuration classes for test class [com.pension.disbursement.controller.PensionDisbursementControllerTest]: PensionDisbursementControllerTest does not declare any static, non-private, non-final, nested classes annotated with @Configuration.
2022-05-19_13-27-21 [main] INFO  o.s.b.t.c.SpringBootTestContextBootstrapper - Found @SpringBootConfiguration com.pension.disbursement.PensionDisbursementMicroserviceApplication for test class com.pension.disbursement.controller.PensionDisbursementControllerTest
2022-05-19_13-27-21 [main] INFO  o.s.b.t.c.SpringBootTestContextBootstrapper - Loaded default TestExecutionListener class names from location [META-INF/spring.factories]: [org.springframework.boot.test.mock.mockito.MockitoTestExecutionListener, org.springframework.boot.test.mock.mockito.ResetMocksTestExecutionListener, org.springframework.boot.test.autoconfigure.restdocs.RestDocsTestExecutionListener, org.springframework.boot.test.autoconfigure.web.client.MockRestServiceServerResetTestExecutionListener, org.springframework.boot.test.autoconfigure.web.servlet.MockMvcPrintOnlyOnFailureTestExecutionListener, org.springframework.boot.test.autoconfigure.web.servlet.WebDriverTestExecutionListener, org.springframework.boot.test.autoconfigure.webservices.client.MockWebServiceServerTestExecutionListener, org.springframework.test.context.web.ServletTestExecutionListener, org.springframework.test.context.support.DirtiesContextBeforeModesTestExecutionListener, org.springframework.test.context.event.ApplicationEventsTestExecutionListener, org.springframework.test.context.support.DependencyInjectionTestExecutionListener, org.springframework.test.context.support.DirtiesContextTestExecutionListener, org.springframework.test.context.transaction.TransactionalTestExecutionListener, org.springframework.test.context.jdbc.SqlScriptsTestExecutionListener, org.springframework.test.context.event.EventPublishingTestExecutionListener]
2022-05-19_13-27-21 [main] INFO  o.s.b.t.c.SpringBootTestContextBootstrapper - Using TestExecutionListeners: [org.springframework.test.context.web.ServletTestExecutionListener@c8531b9, org.springframework.test.context.support.DirtiesContextBeforeModesTestExecutionListener@3adbd038, org.springframework.test.context.event.ApplicationEventsTestExecutionListener@5e976553, org.springframework.boot.test.mock.mockito.MockitoTestExecutionListener@3c108c05, org.springframework.boot.test.autoconfigure.SpringBootDependencyInjectionTestExecutionListener@193d7ac7, org.springframework.test.context.support.DirtiesContextTestExecutionListener@7d0333c8, org.springframework.test.context.event.EventPublishingTestExecutionListener@185b7cc6, org.springframework.boot.test.mock.mockito.ResetMocksTestExecutionListener@2093bb6c, org.springframework.boot.test.autoconfigure.restdocs.RestDocsTestExecutionListener@528a16fb, org.springframework.boot.test.autoconfigure.web.client.MockRestServiceServerResetTestExecutionListener@3673e211, org.springframework.boot.test.autoconfigure.web.servlet.MockMvcPrintOnlyOnFailureTestExecutionListener@758d0555, org.springframework.boot.test.autoconfigure.web.servlet.WebDriverTestExecutionListener@48788853, org.springframework.boot.test.autoconfigure.webservices.client.MockWebServiceServerTestExecutionListener@4ac77269]
2022-05-19_13-30-16 [main] INFO  c.p.d.c.PensionDisbursementControllerTest - Starting PensionDisbursementControllerTest using Java 11.0.14.1 on DESKTOP-DAC986Q with PID 11656 (started by Elcot in E:\qa3\PMS-JAVA\PensionDisbursement-Microservice)
2022-05-19_13-30-16 [main] INFO  c.p.d.c.PensionDisbursementControllerTest - No active profile set, falling back to default profiles: default
2022-05-19_13-30-16 [main] INFO  o.s.cloud.context.scope.GenericScope - BeanFactory id=dd8ac87e-2b94-3678-be61-611de84ad880
2022-05-19_13-30-16 [main] INFO  o.s.b.a.e.web.EndpointLinksResolver - Exposing 2 endpoint(s) beneath base path '/actuator'
2022-05-19_13-30-16 [main] INFO  s.d.s.w.PropertySourcedRequestMappingHandlerMapping - Mapped URL path [/v2/api-docs] onto method [springfox.documentation.swagger2.web.Swagger2Controller#getDocumentation(String, HttpServletRequest)]
2022-05-19_13-30-16 [main] INFO  o.s.s.c.ThreadPoolTaskExecutor - Initializing ExecutorService 'applicationTaskExecutor'
2022-05-19_13-30-16 [main] INFO  o.s.b.t.m.w.SpringBootMockServletContext - Initializing Spring TestDispatcherServlet ''
2022-05-19_13-30-16 [main] INFO  o.s.t.w.s.TestDispatcherServlet - Initializing Servlet ''
2022-05-19_13-30-16 [main] INFO  o.s.t.w.s.TestDispatcherServlet - Completed initialization in 3 ms
2022-05-19_13-30-16 [main] INFO  o.s.cloud.commons.util.InetUtils - Cannot determine local hostname
2022-05-19_13-30-16 [main] INFO  s.d.s.w.p.DocumentationPluginsBootstrapper - Context refreshed
2022-05-19_13-30-16 [main] INFO  s.d.s.w.p.DocumentationPluginsBootstrapper - Found 1 custom documentation plugin(s)
2022-05-19_13-30-16 [main] INFO  s.d.s.w.s.ApiListingReferenceScanner - Scanning for api listing references
2022-05-19_13-30-16 [main] INFO  s.d.s.w.r.o.CachingOperationNameGenerator - Generating unique operation named: handleUsingGET_1
2022-05-19_13-30-16 [main] INFO  s.d.s.w.r.o.CachingOperationNameGenerator - Generating unique operation named: handleUsingGET_2
2022-05-19_13-30-16 [main] INFO  c.p.d.c.PensionDisbursementControllerTest - Started PensionDisbursementControllerTest in 73.293 seconds (JVM running for 311.366)
2022-05-19_13-30-16 [main] INFO  o.s.b.t.c.SpringBootTestContextBootstrapper - Neither @ContextConfiguration nor @ContextHierarchy found for test class [com.pension.disbursement.exception.PensionDisbursementExceptionTest], using SpringBootContextLoader
2022-05-19_13-30-16 [main] INFO  o.s.t.c.s.AbstractContextLoader - Could not detect default resource locations for test class [com.pension.disbursement.exception.PensionDisbursementExceptionTest]: no resource found for suffixes {-context.xml, Context.groovy}.
2022-05-19_13-30-16 [main] INFO  o.s.t.c.s.AnnotationConfigContextLoaderUtils - Could not detect default configuration classes for test class [com.pension.disbursement.exception.PensionDisbursementExceptionTest]: PensionDisbursementExceptionTest does not declare any static, non-private, non-final, nested classes annotated with @Configuration.
2022-05-19_13-30-16 [main] INFO  o.s.b.t.c.SpringBootTestContextBootstrapper - Found @SpringBootConfiguration com.pension.disbursement.PensionDisbursementMicroserviceApplication for test class com.pension.disbursement.exception.PensionDisbursementExceptionTest
2022-05-19_13-30-16 [main] INFO  o.s.b.t.c.SpringBootTestContextBootstrapper - Loaded default TestExecutionListener class names from location [META-INF/spring.factories]: [org.springframework.boot.test.mock.mockito.MockitoTestExecutionListener, org.springframework.boot.test.mock.mockito.ResetMocksTestExecutionListener, org.springframework.boot.test.autoconfigure.restdocs.RestDocsTestExecutionListener, org.springframework.boot.test.autoconfigure.web.client.MockRestServiceServerResetTestExecutionListener, org.springframework.boot.test.autoconfigure.web.servlet.MockMvcPrintOnlyOnFailureTestExecutionListener, org.springframework.boot.test.autoconfigure.web.servlet.WebDriverTestExecutionListener, org.springframework.boot.test.autoconfigure.webservices.client.MockWebServiceServerTestExecutionListener, org.springframework.test.context.web.ServletTestExecutionListener, org.springframework.test.context.support.DirtiesContextBeforeModesTestExecutionListener, org.springframework.test.context.event.ApplicationEventsTestExecutionListener, org.springframework.test.context.support.DependencyInjectionTestExecutionListener, org.springframework.test.context.support.DirtiesContextTestExecutionListener, org.springframework.test.context.transaction.TransactionalTestExecutionListener, org.springframework.test.context.jdbc.SqlScriptsTestExecutionListener, org.springframework.test.context.event.EventPublishingTestExecutionListener]
2022-05-19_13-30-16 [main] INFO  o.s.b.t.c.SpringBootTestContextBootstrapper - Using TestExecutionListeners: [org.springframework.test.context.web.ServletTestExecutionListener@6aa85fcf, org.springframework.test.context.support.DirtiesContextBeforeModesTestExecutionListener@4c90fc3b, org.springframework.test.context.event.ApplicationEventsTestExecutionListener@1e14ed59, org.springframework.boot.test.mock.mockito.MockitoTestExecutionListener@5dfb078, org.springframework.boot.test.autoconfigure.SpringBootDependencyInjectionTestExecutionListener@2d21d12b, org.springframework.test.context.support.DirtiesContextTestExecutionListener@669b8190, org.springframework.test.context.event.EventPublishingTestExecutionListener@5fdcc63f, org.springframework.boot.test.mock.mockito.ResetMocksTestExecutionListener@27f8f1cc, org.springframework.boot.test.autoconfigure.restdocs.RestDocsTestExecutionListener@473c491, org.springframework.boot.test.autoconfigure.web.client.MockRestServiceServerResetTestExecutionListener@3ede428e, org.springframework.boot.test.autoconfigure.web.servlet.MockMvcPrintOnlyOnFailureTestExecutionListener@70a8654, org.springframework.boot.test.autoconfigure.web.servlet.WebDriverTestExecutionListener@671c71e8, org.springframework.boot.test.autoconfigure.webservices.client.MockWebServiceServerTestExecutionListener@7d5176d6]
2022-05-19_13-31-24 [main] INFO  c.p.d.e.PensionDisbursementExceptionTest - Starting PensionDisbursementExceptionTest using Java 11.0.14.1 on DESKTOP-DAC986Q with PID 11656 (started by Elcot in E:\qa3\PMS-JAVA\PensionDisbursement-Microservice)
2022-05-19_13-31-24 [main] INFO  c.p.d.e.PensionDisbursementExceptionTest - No active profile set, falling back to default profiles: default
2022-05-19_13-31-24 [main] INFO  o.s.cloud.context.scope.GenericScope - BeanFactory id=a72c7d12-38f3-3f9a-80c7-3a4be5b1cd60
2022-05-19_13-31-24 [main] INFO  o.s.c.s.PostProcessorRegistrationDelegate$BeanPostProcessorChecker - Bean 'com.pension.disbursement.feignclient.AuthorisingClient' of type [org.springframework.cloud.openfeign.FeignClientFactoryBean] is not eligible for getting processed by all BeanPostProcessors (for example: not eligible for auto-proxying)
2022-05-19_13-31-24 [main] INFO  o.s.c.s.PostProcessorRegistrationDelegate$BeanPostProcessorChecker - Bean 'com.pension.disbursement.feignclient.PensionDisbursementFeignClient' of type [org.springframework.cloud.openfeign.FeignClientFactoryBean] is not eligible for getting processed by all BeanPostProcessors (for example: not eligible for auto-proxying)
2022-05-19_13-31-24 [main] INFO  o.s.b.a.e.web.EndpointLinksResolver - Exposing 2 endpoint(s) beneath base path '/actuator'
2022-05-19_13-31-24 [main] INFO  s.d.s.w.PropertySourcedRequestMappingHandlerMapping - Mapped URL path [/v2/api-docs] onto method [springfox.documentation.swagger2.web.Swagger2Controller#getDocumentation(String, HttpServletRequest)]
2022-05-19_13-31-24 [main] INFO  o.s.s.c.ThreadPoolTaskExecutor - Initializing ExecutorService 'applicationTaskExecutor'
2022-05-19_13-31-24 [main] INFO  o.s.cloud.commons.util.InetUtils - Cannot determine local hostname
2022-05-19_13-31-24 [main] INFO  s.d.s.w.p.DocumentationPluginsBootstrapper - Context refreshed
2022-05-19_13-31-24 [main] INFO  s.d.s.w.p.DocumentationPluginsBootstrapper - Found 1 custom documentation plugin(s)
2022-05-19_13-31-24 [main] INFO  s.d.s.w.s.ApiListingReferenceScanner - Scanning for api listing references
2022-05-19_13-31-24 [main] INFO  s.d.s.w.r.o.CachingOperationNameGenerator - Generating unique operation named: handleUsingGET_1
2022-05-19_13-31-24 [main] INFO  s.d.s.w.r.o.CachingOperationNameGenerator - Generating unique operation named: handleUsingGET_2
2022-05-19_13-31-24 [main] INFO  c.p.d.e.PensionDisbursementExceptionTest - Started PensionDisbursementExceptionTest in 41.046 seconds (JVM running for 359.291)
2022-05-19_13-31-24 [main] INFO  o.s.b.t.c.SpringBootTestContextBootstrapper - Neither @ContextConfiguration nor @ContextHierarchy found for test class [com.pension.disbursement.PensionDisbursementMicroserviceApplicationTests], using SpringBootContextLoader
2022-05-19_13-31-24 [main] INFO  o.s.t.c.s.AbstractContextLoader - Could not detect default resource locations for test class [com.pension.disbursement.PensionDisbursementMicroserviceApplicationTests]: no resource found for suffixes {-context.xml, Context.groovy}.
2022-05-19_13-31-24 [main] INFO  o.s.t.c.s.AnnotationConfigContextLoaderUtils - Could not detect default configuration classes for test class [com.pension.disbursement.PensionDisbursementMicroserviceApplicationTests]: PensionDisbursementMicroserviceApplicationTests does not declare any static, non-private, non-final, nested classes annotated with @Configuration.
2022-05-19_13-31-24 [main] INFO  o.s.b.t.c.SpringBootTestContextBootstrapper - Found @SpringBootConfiguration com.pension.disbursement.PensionDisbursementMicroserviceApplication for test class com.pension.disbursement.PensionDisbursementMicroserviceApplicationTests
2022-05-19_13-31-24 [main] INFO  o.s.b.t.c.SpringBootTestContextBootstrapper - Loaded default TestExecutionListener class names from location [META-INF/spring.factories]: [org.springframework.boot.test.mock.mockito.MockitoTestExecutionListener, org.springframework.boot.test.mock.mockito.ResetMocksTestExecutionListener, org.springframework.boot.test.autoconfigure.restdocs.RestDocsTestExecutionListener, org.springframework.boot.test.autoconfigure.web.client.MockRestServiceServerResetTestExecutionListener, org.springframework.boot.test.autoconfigure.web.servlet.MockMvcPrintOnlyOnFailureTestExecutionListener, org.springframework.boot.test.autoconfigure.web.servlet.WebDriverTestExecutionListener, org.springframework.boot.test.autoconfigure.webservices.client.MockWebServiceServerTestExecutionListener, org.springframework.test.context.web.ServletTestExecutionListener, org.springframework.test.context.support.DirtiesContextBeforeModesTestExecutionListener, org.springframework.test.context.event.ApplicationEventsTestExecutionListener, org.springframework.test.context.support.DependencyInjectionTestExecutionListener, org.springframework.test.context.support.DirtiesContextTestExecutionListener, org.springframework.test.context.transaction.TransactionalTestExecutionListener, org.springframework.test.context.jdbc.SqlScriptsTestExecutionListener, org.springframework.test.context.event.EventPublishingTestExecutionListener]
2022-05-19_13-31-24 [main] INFO  o.s.b.t.c.SpringBootTestContextBootstrapper - Using TestExecutionListeners: [org.springframework.test.context.web.ServletTestExecutionListener@2a6b6f4, org.springframework.test.context.support.DirtiesContextBeforeModesTestExecutionListener@11636d43, org.springframework.test.context.event.ApplicationEventsTestExecutionListener@753b6846, org.springframework.boot.test.mock.mockito.MockitoTestExecutionListener@15961527, org.springframework.boot.test.autoconfigure.SpringBootDependencyInjectionTestExecutionListener@22b00077, org.springframework.test.context.support.DirtiesContextTestExecutionListener@28b36817, org.springframework.test.context.event.EventPublishingTestExecutionListener@6645c1f, org.springframework.boot.test.mock.mockito.ResetMocksTestExecutionListener@237e4ed9, org.springframework.boot.test.autoconfigure.restdocs.RestDocsTestExecutionListener@1ef4179, org.springframework.boot.test.autoconfigure.web.client.MockRestServiceServerResetTestExecutionListener@322f6283, org.springframework.boot.test.autoconfigure.web.servlet.MockMvcPrintOnlyOnFailureTestExecutionListener@168f447d, org.springframework.boot.test.autoconfigure.web.servlet.WebDriverTestExecutionListener@4756c8f3, org.springframework.boot.test.autoconfigure.webservices.client.MockWebServiceServerTestExecutionListener@3cc9bde9]
2022-05-19_13-32-14 [main] INFO  c.p.d.PensionDisbursementMicroserviceApplication - Starting PensionDisbursementMicroserviceApplication using Java 11.0.14.1 on DESKTOP-DAC986Q with PID 11656 (started by Elcot in E:\qa3\PMS-JAVA\PensionDisbursement-Microservice)
2022-05-19_13-32-14 [main] INFO  c.p.d.PensionDisbursementMicroserviceApplication - No active profile set, falling back to default profiles: default
2022-05-19_13-32-14 [main] INFO  o.s.cloud.context.scope.GenericScope - BeanFactory id=f1145e5b-1a60-3dd7-b46d-0f8352032dda
2022-05-19_13-32-14 [main] INFO  o.s.c.s.PostProcessorRegistrationDelegate$BeanPostProcessorChecker - Bean 'com.pension.disbursement.feignclient.AuthorisingClient' of type [org.springframework.cloud.openfeign.FeignClientFactoryBean] is not eligible for getting processed by all BeanPostProcessors (for example: not eligible for auto-proxying)
2022-05-19_13-32-14 [main] INFO  o.s.c.s.PostProcessorRegistrationDelegate$BeanPostProcessorChecker - Bean 'com.pension.disbursement.feignclient.PensionDisbursementFeignClient' of type [org.springframework.cloud.openfeign.FeignClientFactoryBean] is not eligible for getting processed by all BeanPostProcessors (for example: not eligible for auto-proxying)
2022-05-19_13-32-14 [main] INFO  o.s.b.w.e.tomcat.TomcatWebServer - Tomcat initialized with port(s): 7000 (http)
2022-05-19_13-32-14 [main] INFO  o.a.coyote.http11.Http11NioProtocol - Initializing ProtocolHandler ["http-nio-7000"]
2022-05-19_13-32-14 [main] INFO  o.a.catalina.core.StandardService - Starting service [Tomcat]
2022-05-19_13-32-14 [main] INFO  o.a.catalina.core.StandardEngine - Starting Servlet engine: [Apache Tomcat/9.0.41]
2022-05-19_13-32-14 [main] INFO  o.a.c.c.C.[.[.[/disbursement] - Initializing Spring embedded WebApplicationContext
2022-05-19_13-32-14 [main] INFO  o.s.b.w.s.c.ServletWebServerApplicationContext - Root WebApplicationContext: initialization completed in 31745 ms
2022-05-19_13-32-14 [main] INFO  o.s.b.a.e.web.EndpointLinksResolver - Exposing 2 endpoint(s) beneath base path '/actuator'
2022-05-19_13-32-14 [main] INFO  s.d.s.w.PropertySourcedRequestMappingHandlerMapping - Mapped URL path [/v2/api-docs] onto method [springfox.documentation.swagger2.web.Swagger2Controller#getDocumentation(String, HttpServletRequest)]
2022-05-19_13-32-14 [main] INFO  o.s.s.c.ThreadPoolTaskExecutor - Initializing ExecutorService 'applicationTaskExecutor'
2022-05-19_13-32-14 [main] INFO  o.s.cloud.commons.util.InetUtils - Cannot determine local hostname
2022-05-19_13-32-14 [main] INFO  o.a.coyote.http11.Http11NioProtocol - Starting ProtocolHandler ["http-nio-7000"]
2022-05-19_13-32-14 [main] INFO  o.s.b.w.e.tomcat.TomcatWebServer - Tomcat started on port(s): 7000 (http) with context path '/disbursement'
2022-05-19_13-32-14 [main] INFO  o.s.cloud.commons.util.InetUtils - Cannot determine local hostname
2022-05-19_13-32-14 [main] INFO  s.d.s.w.p.DocumentationPluginsBootstrapper - Context refreshed
2022-05-19_13-32-14 [main] INFO  s.d.s.w.p.DocumentationPluginsBootstrapper - Found 1 custom documentation plugin(s)
2022-05-19_13-32-14 [main] INFO  s.d.s.w.s.ApiListingReferenceScanner - Scanning for api listing references
2022-05-19_13-32-14 [main] INFO  s.d.s.w.r.o.CachingOperationNameGenerator - Generating unique operation named: handleUsingGET_1
2022-05-19_13-32-14 [main] INFO  s.d.s.w.r.o.CachingOperationNameGenerator - Generating unique operation named: handleUsingGET_2
2022-05-19_13-32-14 [main] INFO  c.p.d.PensionDisbursementMicroserviceApplication - Started PensionDisbursementMicroserviceApplication in 60.647 seconds (JVM running for 427.36)
2022-05-19_13-32-14 [main] INFO  o.s.b.t.c.SpringBootTestContextBootstrapper - Neither @ContextConfiguration nor @ContextHierarchy found for test class [com.pension.disbursement.service.PensionDisbursementServiceTest], using SpringBootContextLoader
2022-05-19_13-32-14 [main] INFO  o.s.t.c.s.AbstractContextLoader - Could not detect default resource locations for test class [com.pension.disbursement.service.PensionDisbursementServiceTest]: no resource found for suffixes {-context.xml, Context.groovy}.
2022-05-19_13-32-14 [main] INFO  o.s.t.c.s.AnnotationConfigContextLoaderUtils - Could not detect default configuration classes for test class [com.pension.disbursement.service.PensionDisbursementServiceTest]: PensionDisbursementServiceTest does not declare any static, non-private, non-final, nested classes annotated with @Configuration.
2022-05-19_13-32-14 [main] INFO  o.s.b.t.c.SpringBootTestContextBootstrapper - Found @SpringBootConfiguration com.pension.disbursement.PensionDisbursementMicroserviceApplication for test class com.pension.disbursement.service.PensionDisbursementServiceTest
2022-05-19_13-32-14 [main] INFO  o.s.b.t.c.SpringBootTestContextBootstrapper - Loaded default TestExecutionListener class names from location [META-INF/spring.factories]: [org.springframework.boot.test.mock.mockito.MockitoTestExecutionListener, org.springframework.boot.test.mock.mockito.ResetMocksTestExecutionListener, org.springframework.boot.test.autoconfigure.restdocs.RestDocsTestExecutionListener, org.springframework.boot.test.autoconfigure.web.client.MockRestServiceServerResetTestExecutionListener, org.springframework.boot.test.autoconfigure.web.servlet.MockMvcPrintOnlyOnFailureTestExecutionListener, org.springframework.boot.test.autoconfigure.web.servlet.WebDriverTestExecutionListener, org.springframework.boot.test.autoconfigure.webservices.client.MockWebServiceServerTestExecutionListener, org.springframework.test.context.web.ServletTestExecutionListener, org.springframework.test.context.support.DirtiesContextBeforeModesTestExecutionListener, org.springframework.test.context.event.ApplicationEventsTestExecutionListener, org.springframework.test.context.support.DependencyInjectionTestExecutionListener, org.springframework.test.context.support.DirtiesContextTestExecutionListener, org.springframework.test.context.transaction.TransactionalTestExecutionListener, org.springframework.test.context.jdbc.SqlScriptsTestExecutionListener, org.springframework.test.context.event.EventPublishingTestExecutionListener]
2022-05-19_13-32-14 [main] INFO  o.s.b.t.c.SpringBootTestContextBootstrapper - Using TestExecutionListeners: [org.springframework.test.context.web.ServletTestExecutionListener@2407f1a8, org.springframework.test.context.support.DirtiesContextBeforeModesTestExecutionListener@2fc94125, org.springframework.test.context.event.ApplicationEventsTestExecutionListener@626e3b18, org.springframework.boot.test.mock.mockito.MockitoTestExecutionListener@a29aced, org.springframework.boot.test.autoconfigure.SpringBootDependencyInjectionTestExecutionListener@113886b1, org.springframework.test.context.support.DirtiesContextTestExecutionListener@741d2dda, org.springframework.test.context.event.EventPublishingTestExecutionListener@67387eba, org.springframework.boot.test.mock.mockito.ResetMocksTestExecutionListener@20b1f874, org.springframework.boot.test.autoconfigure.restdocs.RestDocsTestExecutionListener@7569efdd, org.springframework.boot.test.autoconfigure.web.client.MockRestServiceServerResetTestExecutionListener@68076f57, org.springframework.boot.test.autoconfigure.web.servlet.MockMvcPrintOnlyOnFailureTestExecutionListener@4c6e0143, org.springframework.boot.test.autoconfigure.web.servlet.WebDriverTestExecutionListener@633332e2, org.springframework.boot.test.autoconfigure.webservices.client.MockWebServiceServerTestExecutionListener@591e3e5e]
2022-05-19_13-32-14 [SpringContextShutdownHook] INFO  o.s.s.c.ThreadPoolTaskExecutor - Shutting down ExecutorService 'applicationTaskExecutor'
2022-05-19_13-32-14 [SpringContextShutdownHook] INFO  o.s.s.c.ThreadPoolTaskExecutor - Shutting down ExecutorService 'applicationTaskExecutor'
2022-05-19_13-32-14 [SpringContextShutdownHook] INFO  o.s.s.c.ThreadPoolTaskExecutor - Shutting down ExecutorService 'applicationTaskExecutor'
2022-05-19_13-32-14 [SpringContextShutdownHook] INFO  o.s.s.c.ThreadPoolTaskExecutor - Shutting down ExecutorService 'applicationTaskExecutor'
